<?xml version="1.0" encoding="UTF-8"?>
<testng-results skipped="0" failed="0" ignored="0" total="1" passed="1">
  <reporter-output>
  </reporter-output>
  <suite name="Default suite" duration-ms="14814" started-at="2020-04-13T10:40:21 IST" finished-at="2020-04-13T10:40:35 IST">
    <groups>
    </groups>
    <test name="Default test" duration-ms="14814" started-at="2020-04-13T10:40:21 IST" finished-at="2020-04-13T10:40:35 IST">
      <class name="com.api.testScript.FetchAllCountry">
        <test-method status="PASS" signature="config()[pri:0, instance:com.api.testScript.FetchAllCountry@56aac163]" name="config" is-config="true" duration-ms="91" started-at="2020-04-13T10:40:20 IST" finished-at="2020-04-13T10:40:21 IST">
          <reporter-output>
          </reporter-output>
        </test-method> <!-- config -->
        <test-method status="PASS" signature="getCountryDetails()[pri:0, instance:com.api.testScript.FetchAllCountry@56aac163]" name="getCountryDetails" duration-ms="14577" started-at="2020-04-13T10:40:21 IST" finished-at="2020-04-13T10:40:35 IST">
          <reporter-output>
          </reporter-output>
        </test-method> <!-- getCountryDetails -->
      </class> <!-- com.api.testScript.FetchAllCountry -->
    </test> <!-- Default test -->
  </suite> <!-- Default suite -->
</testng-results>
